<?xml version="1.0" encoding="UTF-8"?>
<!-- Generated by org.testng.reporters.JUnitReportReporter -->
<testsuite hostname="LAPTOP-HRGOI83J" failures="0" tests="1" name="firsttestngpackage.NewTest" time="20.967" errors="0" timestamp="2024-09-21T17:27:25 ICT" skipped="0">
  <testcase classname="firsttestngpackage.NewTest" name="verifySignIn" time="20.967"/>
</testsuite> <!-- firsttestngpackage.NewTest -->
