<?xml version="1.0" encoding="UTF-8"?>
<!-- Generated by org.testng.reporters.JUnitReportReporter -->
<testsuite hostname="LAPTOP-HRGOI83J" failures="0" tests="5" name="mooQuickTest.LoginPage" time="70.257" errors="0" timestamp="2024-09-28T22:24:48 ICT" skipped="0">
  <testcase classname="mooQuickTest.LoginPage" name="verifyLoginWithValidUsernameBlankPassword" time="12.660"/>
  <testcase classname="mooQuickTest.LoginPage" name="verifyLoginAtLangdingPage" time="15.026"/>
  <testcase classname="mooQuickTest.LoginPage" name="verifyLoginWithValidUsernameIncorrectPassword" time="10.387"/>
  <testcase classname="mooQuickTest.LoginPage" name="verifyLoginWithAllBlankField" time="15.185"/>
  <testcase classname="mooQuickTest.LoginPage" name="verifyHidePassword" time="16.999"/>
</testsuite> <!-- mooQuickTest.LoginPage -->
